2011.01.09 14:27 B C:\Users\Riccardo\Documents\HTML\04_ROBOAT\assembly.gif --> users.iol.it /04_ROBOAT assembly.gif
2011.01.09 14:27 B C:\Users\Riccardo\Documents\HTML\04_ROBOAT\diagram.gif --> users.iol.it /04_ROBOAT diagram.gif
2011.01.09 14:27 B C:\Users\Riccardo\Documents\HTML\04_ROBOAT\map.gif --> users.iol.it /04_ROBOAT map.gif
2011.01.09 14:27 B C:\Users\Riccardo\Documents\HTML\04_ROBOAT\pcb_main.gif --> users.iol.it /04_ROBOAT pcb_main.gif
2011.01.09 14:27 B C:\Users\Riccardo\Documents\HTML\04_ROBOAT\pcb_micro.gif --> users.iol.it /04_ROBOAT pcb_micro.gif
2011.01.09 14:27 B C:\Users\Riccardo\Documents\HTML\04_ROBOAT\roboat.asm --> users.iol.it /04_ROBOAT roboat.asm
2011.01.09 14:27 B C:\Users\Riccardo\Documents\HTML\04_ROBOAT\roboat.htm --> users.iol.it /04_ROBOAT roboat.htm
2011.01.09 14:27 B C:\Users\Riccardo\Documents\HTML\04_ROBOAT\roboat.jpg --> users.iol.it /04_ROBOAT roboat.jpg
2011.01.09 14:27 B C:\Users\Riccardo\Documents\HTML\04_ROBOAT\schema.gif --> users.iol.it /04_ROBOAT schema.gif
2011.01.09 14:27 B C:\Users\Riccardo\Documents\HTML\04_ROBOAT\sinecosine.gif --> users.iol.it /04_ROBOAT sinecosine.gif
2013.02.01 00:46 B C:\Users\Riccardo\Documents\HTML\04_ROBOAT\roboat.htm --> users.iol.it / roboat.htm
2013.02.01 00:46 B C:\Users\Riccardo\Documents\HTML\04_ROBOAT\roboat.htm --> users.iol.it /04_ROBOAT roboat.htm
2014.07.20 16:42 B C:\Users\Riccardo\Documents\HTML\04_ROBOAT\assembly.gif --> users.libero.it /04_ROBOAT assembly.gif
2014.07.20 16:42 B C:\Users\Riccardo\Documents\HTML\04_ROBOAT\diagram.gif --> users.libero.it /04_ROBOAT diagram.gif
2014.07.20 16:42 B C:\Users\Riccardo\Documents\HTML\04_ROBOAT\map.gif --> users.libero.it /04_ROBOAT map.gif
2014.07.20 16:42 B C:\Users\Riccardo\Documents\HTML\04_ROBOAT\pcb_main.gif --> users.libero.it /04_ROBOAT pcb_main.gif
2014.07.20 16:42 B C:\Users\Riccardo\Documents\HTML\04_ROBOAT\pcb_micro.gif --> users.libero.it /04_ROBOAT pcb_micro.gif
2014.07.20 16:42 B C:\Users\Riccardo\Documents\HTML\04_ROBOAT\roboat.asm --> users.libero.it /04_ROBOAT roboat.asm
2014.07.20 16:42 B C:\Users\Riccardo\Documents\HTML\04_ROBOAT\roboat.htm --> users.libero.it /04_ROBOAT roboat.htm
2014.07.20 16:42 B C:\Users\Riccardo\Documents\HTML\04_ROBOAT\roboat.jpg --> users.libero.it /04_ROBOAT roboat.jpg
2014.07.20 16:42 B C:\Users\Riccardo\Documents\HTML\04_ROBOAT\schema.gif --> users.libero.it /04_ROBOAT schema.gif
2014.07.20 16:42 B C:\Users\Riccardo\Documents\HTML\04_ROBOAT\sinecosine.gif --> users.libero.it /04_ROBOAT sinecosine.gif
2014.07.20 16:42 B C:\Users\Riccardo\Documents\HTML\04_ROBOAT\WS_FTP.LOG --> users.libero.it /04_ROBOAT WS_FTP.LOG
