2011.01.09 14:28 B C:\Users\Riccardo\Documents\HTML\06_Size_of_Earth\102-0251_IMG_2.JPG --> users.iol.it /06_Size_of_Earth 102-0251_IMG_2.JPG
2011.01.09 14:28 B C:\Users\Riccardo\Documents\HTML\06_Size_of_Earth\102-0253_IMG_2.JPG --> users.iol.it /06_Size_of_Earth 102-0253_IMG_2.JPG
2011.01.09 14:28 B C:\Users\Riccardo\Documents\HTML\06_Size_of_Earth\102-0254_IMG.JPG --> users.iol.it /06_Size_of_Earth 102-0254_IMG.JPG
2011.01.09 14:28 B C:\Users\Riccardo\Documents\HTML\06_Size_of_Earth\102-0259_IMG.JPG --> users.iol.it /06_Size_of_Earth 102-0259_IMG.JPG
2011.01.09 14:28 B C:\Users\Riccardo\Documents\HTML\06_Size_of_Earth\102-0260_IMG.JPG --> users.iol.it /06_Size_of_Earth 102-0260_IMG.JPG
2011.01.09 14:28 B C:\Users\Riccardo\Documents\HTML\06_Size_of_Earth\102-0262_IMG.JPG --> users.iol.it /06_Size_of_Earth 102-0262_IMG.JPG
2011.01.09 14:28 B C:\Users\Riccardo\Documents\HTML\06_Size_of_Earth\102-0267_IMG.JPG --> users.iol.it /06_Size_of_Earth 102-0267_IMG.JPG
2011.01.09 14:28 B C:\Users\Riccardo\Documents\HTML\06_Size_of_Earth\102-0268_IMG.JPG --> users.iol.it /06_Size_of_Earth 102-0268_IMG.JPG
2011.01.09 14:28 B C:\Users\Riccardo\Documents\HTML\06_Size_of_Earth\102-0269_IMG.JPG --> users.iol.it /06_Size_of_Earth 102-0269_IMG.JPG
2011.01.09 14:28 B C:\Users\Riccardo\Documents\HTML\06_Size_of_Earth\102-0275_IMG.JPG --> users.iol.it /06_Size_of_Earth 102-0275_IMG.JPG
2011.01.09 14:28 B C:\Users\Riccardo\Documents\HTML\06_Size_of_Earth\102-0287_IMG.JPG --> users.iol.it /06_Size_of_Earth 102-0287_IMG.JPG
2011.01.09 14:29 B C:\Users\Riccardo\Documents\HTML\06_Size_of_Earth\102-0289_IMG.JPG --> users.iol.it /06_Size_of_Earth 102-0289_IMG.JPG
2011.01.09 14:29 B C:\Users\Riccardo\Documents\HTML\06_Size_of_Earth\102-0291_IMG.JPG --> users.iol.it /06_Size_of_Earth 102-0291_IMG.JPG
2011.01.09 14:29 B C:\Users\Riccardo\Documents\HTML\06_Size_of_Earth\102-0296_IMG.JPG --> users.iol.it /06_Size_of_Earth 102-0296_IMG.JPG
2011.01.09 14:29 B C:\Users\Riccardo\Documents\HTML\06_Size_of_Earth\102-0299_IMG.JPG --> users.iol.it /06_Size_of_Earth 102-0299_IMG.JPG
2011.01.09 14:29 B C:\Users\Riccardo\Documents\HTML\06_Size_of_Earth\103-0303_IMG.JPG --> users.iol.it /06_Size_of_Earth 103-0303_IMG.JPG
2011.01.09 14:29 B C:\Users\Riccardo\Documents\HTML\06_Size_of_Earth\diagram.gif --> users.iol.it /06_Size_of_Earth diagram.gif
2011.01.09 14:29 B C:\Users\Riccardo\Documents\HTML\06_Size_of_Earth\ellipse.gif --> users.iol.it /06_Size_of_Earth ellipse.gif
2011.01.09 14:29 B C:\Users\Riccardo\Documents\HTML\06_Size_of_Earth\excel1.gif --> users.iol.it /06_Size_of_Earth excel1.gif
2011.01.09 14:29 B C:\Users\Riccardo\Documents\HTML\06_Size_of_Earth\excel2.gif --> users.iol.it /06_Size_of_Earth excel2.gif
2011.01.09 14:29 B C:\Users\Riccardo\Documents\HTML\06_Size_of_Earth\Geeks.pps --> users.iol.it /06_Size_of_Earth Geeks.pps
2011.01.09 14:30 B C:\Users\Riccardo\Documents\HTML\06_Size_of_Earth\Lagos_area.gif --> users.iol.it /06_Size_of_Earth Lagos_area.gif
2011.01.09 14:30 B C:\Users\Riccardo\Documents\HTML\06_Size_of_Earth\model1.gif --> users.iol.it /06_Size_of_Earth model1.gif
2011.01.09 14:30 B C:\Users\Riccardo\Documents\HTML\06_Size_of_Earth\model2.gif --> users.iol.it /06_Size_of_Earth model2.gif
2011.01.09 14:30 B C:\Users\Riccardo\Documents\HTML\06_Size_of_Earth\model3.gif --> users.iol.it /06_Size_of_Earth model3.gif
2011.01.09 14:30 B C:\Users\Riccardo\Documents\HTML\06_Size_of_Earth\model4.gif --> users.iol.it /06_Size_of_Earth model4.gif
2011.01.09 14:30 B C:\Users\Riccardo\Documents\HTML\06_Size_of_Earth\model5.gif --> users.iol.it /06_Size_of_Earth model5.gif
2011.01.09 14:30 B C:\Users\Riccardo\Documents\HTML\06_Size_of_Earth\model6.gif --> users.iol.it /06_Size_of_Earth model6.gif
2011.01.09 14:30 B C:\Users\Riccardo\Documents\HTML\06_Size_of_Earth\model7.gif --> users.iol.it /06_Size_of_Earth model7.gif
2011.01.09 14:30 B C:\Users\Riccardo\Documents\HTML\06_Size_of_Earth\Size_of_Earth_Pictures.htm --> users.iol.it /06_Size_of_Earth Size_of_Earth_Pictures.htm
2011.01.09 14:30 B C:\Users\Riccardo\Documents\HTML\06_Size_of_Earth\Size_of_Earth_Software.htm --> users.iol.it /06_Size_of_Earth Size_of_Earth_Software.htm
2011.01.09 14:30 B C:\Users\Riccardo\Documents\HTML\06_Size_of_Earth\Size_of_the_Earth.htm --> users.iol.it /06_Size_of_Earth Size_of_the_Earth.htm
2011.01.09 14:30 B C:\Users\Riccardo\Documents\HTML\06_Size_of_Earth\table.gif --> users.iol.it /06_Size_of_Earth table.gif
2011.01.09 14:41 B C:\Users\Riccardo\Documents\HTML\06_Size_of_Earth\Size_of_Earth_Software.htm --> users.iol.it /06_Size_of_Earth Size_of_Earth_Software.htm
2011.01.09 14:42 B C:\Users\Riccardo\Documents\HTML\06_Size_of_Earth\Size_of_Earth_Software.htm --> users.iol.it /06_Size_of_Earth Size_of_Earth_Software.htm
2011.01.09 14:42 B C:\Users\Riccardo\Documents\HTML\06_Size_of_Earth\Size_of_Earth_Software.htm --> users.iol.it /06_Size_of_Earth Size_of_Earth_Software.htm
2014.07.20 16:43 B C:\Users\Riccardo\Documents\HTML\06_Size_of_Earth\102-0251_IMG_2.JPG --> users.libero.it /06_Size_of_Earth 102-0251_IMG_2.JPG
2014.07.20 16:43 B C:\Users\Riccardo\Documents\HTML\06_Size_of_Earth\102-0253_IMG_2.JPG --> users.libero.it /06_Size_of_Earth 102-0253_IMG_2.JPG
2014.07.20 16:43 B C:\Users\Riccardo\Documents\HTML\06_Size_of_Earth\102-0254_IMG.JPG --> users.libero.it /06_Size_of_Earth 102-0254_IMG.JPG
2014.07.20 16:43 B C:\Users\Riccardo\Documents\HTML\06_Size_of_Earth\102-0259_IMG.JPG --> users.libero.it /06_Size_of_Earth 102-0259_IMG.JPG
2014.07.20 16:43 B C:\Users\Riccardo\Documents\HTML\06_Size_of_Earth\102-0260_IMG.JPG --> users.libero.it /06_Size_of_Earth 102-0260_IMG.JPG
2014.07.20 16:43 B C:\Users\Riccardo\Documents\HTML\06_Size_of_Earth\102-0262_IMG.JPG --> users.libero.it /06_Size_of_Earth 102-0262_IMG.JPG
2014.07.20 16:43 B C:\Users\Riccardo\Documents\HTML\06_Size_of_Earth\102-0267_IMG.JPG --> users.libero.it /06_Size_of_Earth 102-0267_IMG.JPG
2014.07.20 16:43 B C:\Users\Riccardo\Documents\HTML\06_Size_of_Earth\102-0268_IMG.JPG --> users.libero.it /06_Size_of_Earth 102-0268_IMG.JPG
2014.07.20 16:43 B C:\Users\Riccardo\Documents\HTML\06_Size_of_Earth\102-0269_IMG.JPG --> users.libero.it /06_Size_of_Earth 102-0269_IMG.JPG
2014.07.20 16:43 B C:\Users\Riccardo\Documents\HTML\06_Size_of_Earth\102-0275_IMG.JPG --> users.libero.it /06_Size_of_Earth 102-0275_IMG.JPG
2014.07.20 16:43 B C:\Users\Riccardo\Documents\HTML\06_Size_of_Earth\102-0287_IMG.JPG --> users.libero.it /06_Size_of_Earth 102-0287_IMG.JPG
2014.07.20 16:44 B C:\Users\Riccardo\Documents\HTML\06_Size_of_Earth\102-0289_IMG.JPG --> users.libero.it /06_Size_of_Earth 102-0289_IMG.JPG
2014.07.20 16:44 B C:\Users\Riccardo\Documents\HTML\06_Size_of_Earth\102-0291_IMG.JPG --> users.libero.it /06_Size_of_Earth 102-0291_IMG.JPG
2014.07.20 16:44 B C:\Users\Riccardo\Documents\HTML\06_Size_of_Earth\102-0296_IMG.JPG --> users.libero.it /06_Size_of_Earth 102-0296_IMG.JPG
2014.07.20 16:44 B C:\Users\Riccardo\Documents\HTML\06_Size_of_Earth\102-0299_IMG.JPG --> users.libero.it /06_Size_of_Earth 102-0299_IMG.JPG
2014.07.20 16:44 B C:\Users\Riccardo\Documents\HTML\06_Size_of_Earth\103-0303_IMG.JPG --> users.libero.it /06_Size_of_Earth 103-0303_IMG.JPG
2014.07.20 16:44 B C:\Users\Riccardo\Documents\HTML\06_Size_of_Earth\diagram.gif --> users.libero.it /06_Size_of_Earth diagram.gif
2014.07.20 16:44 B C:\Users\Riccardo\Documents\HTML\06_Size_of_Earth\ellipse.gif --> users.libero.it /06_Size_of_Earth ellipse.gif
2014.07.20 16:44 B C:\Users\Riccardo\Documents\HTML\06_Size_of_Earth\excel1.gif --> users.libero.it /06_Size_of_Earth excel1.gif
2014.07.20 16:44 B C:\Users\Riccardo\Documents\HTML\06_Size_of_Earth\excel2.gif --> users.libero.it /06_Size_of_Earth excel2.gif
2014.07.20 16:44 B C:\Users\Riccardo\Documents\HTML\06_Size_of_Earth\Geeks.pps --> users.libero.it /06_Size_of_Earth Geeks.pps
2014.07.20 16:44 B C:\Users\Riccardo\Documents\HTML\06_Size_of_Earth\Lagos_area.gif --> users.libero.it /06_Size_of_Earth Lagos_area.gif
2014.07.20 16:44 B C:\Users\Riccardo\Documents\HTML\06_Size_of_Earth\model1.gif --> users.libero.it /06_Size_of_Earth model1.gif
2014.07.20 16:44 B C:\Users\Riccardo\Documents\HTML\06_Size_of_Earth\model2.gif --> users.libero.it /06_Size_of_Earth model2.gif
2014.07.20 16:44 B C:\Users\Riccardo\Documents\HTML\06_Size_of_Earth\model3.gif --> users.libero.it /06_Size_of_Earth model3.gif
2014.07.20 16:44 B C:\Users\Riccardo\Documents\HTML\06_Size_of_Earth\model4.gif --> users.libero.it /06_Size_of_Earth model4.gif
2014.07.20 16:44 B C:\Users\Riccardo\Documents\HTML\06_Size_of_Earth\model5.gif --> users.libero.it /06_Size_of_Earth model5.gif
2014.07.20 16:44 B C:\Users\Riccardo\Documents\HTML\06_Size_of_Earth\model6.gif --> users.libero.it /06_Size_of_Earth model6.gif
2014.07.20 16:44 B C:\Users\Riccardo\Documents\HTML\06_Size_of_Earth\model7.gif --> users.libero.it /06_Size_of_Earth model7.gif
2014.07.20 16:44 B C:\Users\Riccardo\Documents\HTML\06_Size_of_Earth\Size_of_Earth_Pictures.htm --> users.libero.it /06_Size_of_Earth Size_of_Earth_Pictures.htm
2014.07.20 16:44 B C:\Users\Riccardo\Documents\HTML\06_Size_of_Earth\Size_of_Earth_Software.htm --> users.libero.it /06_Size_of_Earth Size_of_Earth_Software.htm
2014.07.20 16:44 B C:\Users\Riccardo\Documents\HTML\06_Size_of_Earth\Size_of_the_Earth.htm --> users.libero.it /06_Size_of_Earth Size_of_the_Earth.htm
2014.07.20 16:44 B C:\Users\Riccardo\Documents\HTML\06_Size_of_Earth\table.gif --> users.libero.it /06_Size_of_Earth table.gif
2014.07.20 16:44 B C:\Users\Riccardo\Documents\HTML\06_Size_of_Earth\WS_FTP.LOG --> users.libero.it /06_Size_of_Earth WS_FTP.LOG
